[INFO] 2014-09-18 16:36:40 Hadoop monitor start running.
[INFO] 2014-09-18 16:37:26 Hadoop monitor start running.
[INFO] 2014-09-18 16:39:38 Hadoop monitor start running.
[INFO] 2014-09-18 16:39:48 Hadoop monitor start running.
[INFO] 2014-09-18 16:40:51 Hadoop monitor start running.
[INFO] 2014-09-18 16:41:10 Hadoop monitor start running.
[INFO] 2014-09-18 16:41:38 Hadoop monitor start running.
[INFO] 2014-09-18 16:52:58 Hadoop monitor start running.
[ERROR] vortex-pro.hadoop0059.hf.voicecloud.cn is dead.
[ERROR]  is dead.
[ERROR]  is dead.
[INFO] 2014-09-18 16:54:46 Hadoop monitor start running.
[ERROR] vortex-pro.hadoop0059.hf.voicecloud.cn is dead.
[ERROR]  is dead.
[ERROR]  is dead.
[INFO] 2014-09-18 16:55:11 Hadoop monitor start running.
[ERROR] vortex-pro.hadoop0059.hf.voicecloud.cn is dead.
[ERROR]  is dead.
[ERROR]  is dead.
[INFO] 2014-09-18 16:55:52 Hadoop monitor start running.
[ERROR] vortex-pro.hadoop0059.hf.voicecloud.cn is dead.
[ERROR]  is dead.
[ERROR]  is dead.
[INFO] 2014-09-18 16:56:11 Hadoop monitor start running.
[ERROR] vortex-pro.hadoop0059.hf.voicecloud.cn is dead.
[ERROR]  is dead.
[ERROR]  is dead.
[ERROR] vortex-pro.hadoop0059.hf.voicecloud.cn is dead.
[ERROR]  is dead.
[ERROR]  is dead.
[INFO] 2014-09-18 17:22:16 Hadoop monitor start running.
[ERROR] vortex-pro.hadoop0059.hf.voicecloud.cn is dead.
[ERROR]  is dead.
[ERROR]  is dead.
[INFO] 2014-09-18 17:24:11 Hadoop monitor start running.
[INFO] 2014-09-18 17:24:48 Hadoop monitor start running.
[ERROR] vortex-pro.hadoop0059.hf.voicecloud.cn is dead.
[ERROR]  is dead.
[ERROR]  is dead.
[INFO] 2014-09-18 17:25:40 Hadoop monitor start running.
[ERROR]  is dead.
[ERROR]  is dead.
[ERROR]  is dead.
[INFO] 2014-09-18 17:27:06 Hadoop monitor start running.
[INFO] 2014-09-18 17:27:28 Hadoop monitor start running.
[ERROR] vortex-pro.hadoop0059.hf.voicecloud.cn
vortex-pro.hadoop0058.hf.voicecloud.cn is dead.
[ERROR]  is dead.
[ERROR]  is dead.
[INFO] 2014-09-18 17:28:11 Hadoop monitor start running.
[ERROR] vortex-pro.hadoop0059.hf.voicecloud.cn
vortex-pro.hadoop0058.hf.voicecloud.cn is dead.
[ERROR]  is dead.
[ERROR]  is dead.
[INFO] 2014-09-18 17:32:43 Hadoop monitor start running.
[INFO] 2014-09-18 17:32:56 Hadoop monitor start running.
[ERROR] vortex-pro.hadoop0059.hf.voicecloud.cn
vortex-pro.hadoop0058.hf.voicecloud.cn is dead.
[INFO] 2014-09-18 17:33:31 Hadoop monitor start running.
[ERROR] vortex-pro.hadoop0059.hf.voicecloud.cn
vortex-pro.hadoop0058.hf.voicecloud.cn is dead.
[INFO] 2014-09-18 17:35:07 Hadoop monitor start running.
[ERROR] vortex-pro.hadoop0059.hf.voicecloud.cn
vortex-pro.hadoop0058.hf.voicecloud.cn is dead.
[INFO] 2014-09-19 09:15:22 Hadoop monitor start running.
[ERROR] vortex-pro.hadoop0059.hf.voicecloud.cn
vortex-pro.hadoop0058.hf.voicecloud.cn is dead.
[INFO] 2014-09-19 09:18:22 Hadoop monitor start running.
[ERROR] vortex-pro.hadoop0059.hf.voicecloud.cn
vortex-pro.hadoop0058.hf.voicecloud.cn is dead.
[ERROR]  is dead.
[ERROR]  is dead.
[INFO] 2014-09-19 09:59:02 Hadoop monitor start running.
[ERROR] vortex-pro.hadoop0059.hf.voicecloud.cn
vortex-pro.hadoop0058.hf.voicecloud.cn is dead.
[ERROR]  is dead.
[ERROR]  is dead.
[INFO] 2014-09-19 10:00:26 Hadoop monitor start running.
[ERROR] vortex-pro.hadoop0059.hf.voicecloud.cn
vortex-pro.hadoop0058.hf.voicecloud.cn is dead.
[ERROR]  is dead.
[ERROR]  is dead.
[INFO] 2014-09-19 10:00:53 Hadoop monitor start running.
[ERROR] vortex-pro.hadoop0059.hf.voicecloud.cn
vortex-pro.hadoop0058.hf.voicecloud.cn is dead.
[ERROR]  is dead.
[ERROR]  is dead.
[INFO] 2014-09-19 10:01:41 Hadoop monitor start running.
[ERROR] vortex-pro.hadoop0059.hf.voicecloud.cn
vortex-pro.hadoop0058.hf.voicecloud.cn is dead.
[ERROR]  is dead.
[ERROR]  is dead.
[INFO] 2014-09-19 10:17:56 Hadoop monitor start running.
[INFO] 2014-09-19 10:31:06 Hadoop monitor start running.
[INFO] 2014-09-19 10:32:28 Hadoop monitor start running.
[INFO] 2014-09-19 10:33:39 Hadoop monitor start running.
[INFO] 2014-09-19 10:34:15 Hadoop monitor start running.
[ERROR] vortex-pro.hadoop0059.hf.voicecloud.cn
vortex-pro.hadoop0058.hf.voicecloud.cn is dead.
[INFO] 2014-09-19 10:37:35 Hadoop monitor start running.
[ERROR] vortex-pro.hadoop0059.hf.voicecloud.cn
vortex-pro.hadoop0058.hf.voicecloud.cn is dead.
[INFO] 2014-09-19 10:39:41 Hadoop monitor start running.
[ERROR] vortex-pro.hadoop0059.hf.voicecloud.cn
vortex-pro.hadoop0058.hf.voicecloud.cn is dead.
[INFO] 2014-09-19 10:40:37 Hadoop monitor start running.
[ERROR] vortex-pro.hadoop0059.hf.voicecloud.cn
vortex-pro.hadoop0058.hf.voicecloud.cn is dead.
[INFO] 2014-09-19 10:41:45 Hadoop monitor start running.
[ERROR] vortex-pro.hadoop0059.hf.voicecloud.cn
vortex-pro.hadoop0058.hf.voicecloud.cn is dead.
[INFO] 2014-09-19 10:42:34 Hadoop monitor start running.
[INFO] 2014-09-19 10:44:47 Hadoop monitor start running.
[ERROR] vortex-pro.hadoop0059.hf.voicecloud.cn
vortex-pro.hadoop0058.hf.voicecloud.cn is dead.
[INFO] 2014-09-19 10:45:51 Hadoop monitor start running.
[ERROR] vortex-pro.hadoop0059.hf.voicecloud.cn
vortex-pro.hadoop0058.hf.voicecloud.cn is dead.
[INFO] 2014-09-19 10:56:27 Hadoop monitor start running.
[ERROR] 2014-09-19 10:56:27 Hefei vortex-pro.hadoop0059.hf.voicecloud.cn:192.168.52.176 is dead!
[ERROR] 2014-09-19 10:56:27 Hefei vortex-pro.hadoop0058.hf.voicecloud.cn:192.168.52.175 is dead!
[INFO] 2014-09-19 11:02:20 Hadoop monitor start running.
[ERROR] 2014-09-19 11:02:20 Hefei vortex-pro.hadoop0059.hf.voicecloud.cn:192.168.52.176 is dead!
[ERROR] 2014-09-19 11:02:20 Hefei vortex-pro.hadoop0058.hf.voicecloud.cn:192.168.52.175 is dead!
[ERROR] 2014-09-19 11:12:33 Hefei vortex-pro.hadoop0059.hf.voicecloud.cn:192.168.52.176 is dead!
[ERROR] 2014-09-19 11:12:33 Hefei vortex-pro.hadoop0058.hf.voicecloud.cn:192.168.52.175 is dead!
[INFO] 2014-09-19 11:41:53 Hadoop monitor start running.
[INFO] 2014-09-19 11:43:58 Hadoop monitor start running.
[ERROR] Beijing hadoop service is dead!
[ERROR] Beijing hadoop service is dead!
[INFO] 2014-09-19 12:00:06 Hadoop monitor start running.
[ERROR] Beijing hadoop service is dead!
[INFO] 2014-09-19 12:01:35 Hadoop monitor start running.
[ERROR] Beijing hadoop service is dead!
[INFO] 2014-09-19 12:02:07 Hadoop monitor start running.
[ERROR] Beijing hadoop service is dead!
[ERROR] Beijing hadoop service is dead!
[INFO] 2014-09-19 12:07:12 Hadoop monitor start running.
[ERROR] 2014-09-19 12:07:12 Beijing hadoop service is dead!
[ERROR] 2014-09-19 12:17:13 Beijing hadoop service is dead!
[ERROR] 2014-09-19 12:27:14 Beijing hadoop service is dead!
[ERROR] 2014-09-19 12:37:14 Beijing hadoop service is dead!
[ERROR] 2014-09-19 12:47:15 Beijing hadoop service is dead!
[ERROR] 2014-09-19 12:57:16 Beijing hadoop service is dead!
[ERROR] 2014-09-19 13:07:17 Beijing hadoop service is dead!
[ERROR] 2014-09-19 13:17:17 Beijing hadoop service is dead!
[ERROR] 2014-09-19 13:27:19 Beijing hadoop service is dead!
[ERROR] 2014-09-19 13:37:19 Beijing hadoop service is dead!
[ERROR] 2014-09-19 13:47:20 Beijing hadoop service is dead!
[ERROR] 2014-09-19 13:57:21 Beijing hadoop service is dead!
[INFO] 2014-09-19 13:57:44 Hadoop monitor start running.
[ERROR] 2014-09-19 13:57:45 Beijing hadoop service is dead!
[INFO] 2014-09-19 14:01:43 Hadoop monitor start running.
[INFO] 2014-09-19 14:02:25 Hadoop monitor start running.
[ERROR] 2014-09-19 14:02:25 Beijing hadoop service is dead!
[INFO] 2014-09-19 14:05:03 Hadoop monitor start running.
[ERROR] 2014-09-19 14:05:03 Beijing hadoop service is dead!
[INFO] 2014-09-19 14:06:14 Hadoop monitor start running.
[ERROR] 2014-09-19 14:06:14 Beijing hadoop service is dead!
[INFO] 2014-09-19 14:07:05 Hadoop monitor start running.
[ERROR] 2014-09-19 14:07:05 Beijing hadoop service is dead!
[INFO] 2014-09-19 14:12:20 Hadoop monitor start running.
[ERROR] 2014-09-19 14:12:20 Beijing hadoop service is dead!
[INFO] 2014-09-19 14:14:16 Hadoop monitor start running.
[ERROR] 2014-09-19 14:14:16 Beijing hadoop service is dead!
[INFO] 2014-09-19 14:16:00 Hadoop monitor start running.
[ERROR] 2014-09-19 14:16:00 Beijing hadoop service is dead!
[INFO] 2014-09-19 14:18:18 Hadoop monitor start running.
[ERROR] 2014-09-19 14:18:18 Beijing hadoop service is dead!
[INFO] 2014-09-19 14:18:29 Hadoop monitor start running.
[ERROR] 2014-09-19 14:18:29 Beijing hadoop service is dead!
[INFO] 2014-09-19 14:19:51 Hadoop monitor start running.
[ERROR] 2014-09-19 14:19:51 Beijing hadoop service is dead!
