
DOWN


DOWN
[ERROR] 2014-09-19 12:07:12 Beijing hadoop cluster is down.
usage: alarm [-h] {message,mail} ...
alarm: error: unrecognized arguments: maple@iflytek.com 172.16.100.14 maple cpcc!123456


DOWN
[ERROR] 2014-09-19 12:17:13 Beijing hadoop cluster is down.
usage: alarm [-h] {message,mail} ...
alarm: error: unrecognized arguments: maple@iflytek.com 172.16.100.14 maple cpcc!123456


DOWN
[ERROR] 2014-09-19 12:27:14 Beijing hadoop cluster is down.
usage: alarm [-h] {message,mail} ...
alarm: error: unrecognized arguments: maple@iflytek.com 172.16.100.14 maple cpcc!123456


DOWN
[ERROR] 2014-09-19 12:37:14 Beijing hadoop cluster is down.
usage: alarm [-h] {message,mail} ...
alarm: error: unrecognized arguments: maple@iflytek.com 172.16.100.14 maple cpcc!123456


DOWN
[ERROR] 2014-09-19 12:47:15 Beijing hadoop cluster is down.
usage: alarm [-h] {message,mail} ...
alarm: error: unrecognized arguments: maple@iflytek.com 172.16.100.14 maple cpcc!123456


DOWN
[ERROR] 2014-09-19 12:57:16 Beijing hadoop cluster is down.
usage: alarm [-h] {message,mail} ...
alarm: error: unrecognized arguments: maple@iflytek.com 172.16.100.14 maple cpcc!123456


DOWN
[ERROR] 2014-09-19 13:07:17 Beijing hadoop cluster is down.
usage: alarm [-h] {message,mail} ...
alarm: error: unrecognized arguments: maple@iflytek.com 172.16.100.14 maple cpcc!123456


DOWN
[ERROR] 2014-09-19 13:17:17 Beijing hadoop cluster is down.
usage: alarm [-h] {message,mail} ...
alarm: error: unrecognized arguments: maple@iflytek.com 172.16.100.14 maple cpcc!123456


DOWN
[ERROR] 2014-09-19 13:27:19 Beijing hadoop cluster is down.
usage: alarm [-h] {message,mail} ...
alarm: error: unrecognized arguments: maple@iflytek.com 172.16.100.14 maple cpcc!123456


DOWN
[ERROR] 2014-09-19 13:37:19 Beijing hadoop cluster is down.
usage: alarm [-h] {message,mail} ...
alarm: error: unrecognized arguments: maple@iflytek.com 172.16.100.14 maple cpcc!123456


DOWN
[ERROR] 2014-09-19 13:47:20 Beijing hadoop cluster is down.
usage: alarm [-h] {message,mail} ...
alarm: error: unrecognized arguments: maple@iflytek.com 172.16.100.14 maple cpcc!123456


DOWN
[ERROR] 2014-09-19 13:57:21 Beijing hadoop cluster is down.
usage: alarm [-h] {message,mail} ...
alarm: error: unrecognized arguments: maple@iflytek.com 172.16.100.14 maple cpcc!123456


DOWN
[ERROR] 2014-09-19 13:57:45 Beijing hadoop cluster is down.
usage: alarm [-h] {message,mail} ...
alarm: error: unrecognized arguments: maple@iflytek.com 172.16.100.14 maple


DOWN
[ERROR] 2014-09-19 14:07:05 Beijing hadoop cluster is down.
[ERROR] 2014-09-19 14:07:05 Beijing hadoop cluster is down.
Hadoop Monitor Report

